0 info it worked if it ends with ok
1 verbose cli [ 'node', '/usr/local/bin/npm', 'install', 'async' ]
2 info using npm@1.4.28
3 info using node@v0.10.35
4 verbose cache add [ 'async', null ]
5 verbose cache add name=undefined spec="async" args=["async",null]
6 verbose parsed url { protocol: null,
6 verbose parsed url   slashes: null,
6 verbose parsed url   auth: null,
6 verbose parsed url   host: null,
6 verbose parsed url   port: null,
6 verbose parsed url   hostname: null,
6 verbose parsed url   hash: null,
6 verbose parsed url   search: null,
6 verbose parsed url   query: null,
6 verbose parsed url   pathname: 'async',
6 verbose parsed url   path: 'async',
6 verbose parsed url   href: 'async' }
7 silly lockFile b7e04b33-async async
8 verbose lock async /Users/crisscrosskao/.npm/b7e04b33-async.lock
9 silly lockFile b7e04b33-async async
10 silly lockFile b7e04b33-async async
11 verbose addNamed [ 'async', '' ]
12 verbose addNamed [ null, '*' ]
13 silly lockFile f9113900-async async@
14 verbose lock async@ /Users/crisscrosskao/.npm/f9113900-async.lock
15 silly addNameRange { name: 'async', range: '*', hasData: false }
16 verbose request where is /async
17 verbose request registry https://registry.npmjs.org/
18 verbose request id a3d75ba47b4dadff
19 verbose url raw /async
20 verbose url resolving [ 'https://registry.npmjs.org/', './async' ]
21 verbose url resolved https://registry.npmjs.org/async
22 verbose request where is https://registry.npmjs.org/async
23 info trying registry request attempt 1 at 20:42:49
24 verbose etag "BLIK7RL78LBXF9RCB5D6YHIT4"
25 http GET https://registry.npmjs.org/async
26 http 200 https://registry.npmjs.org/async
27 silly registry.get cb [ 200,
27 silly registry.get   { server: 'CouchDB/1.5.0 (Erlang OTP/R16B03)',
27 silly registry.get     etag: '"1IVVQJEZHAYZKT0AE8IRZM242"',
27 silly registry.get     'content-type': 'application/json',
27 silly registry.get     'cache-control': 'max-age=60',
27 silly registry.get     'content-length': '128573',
27 silly registry.get     'accept-ranges': 'bytes',
27 silly registry.get     date: 'Sun, 06 Sep 2015 00:42:50 GMT',
27 silly registry.get     via: '1.1 varnish',
27 silly registry.get     age: '57',
27 silly registry.get     connection: 'keep-alive',
27 silly registry.get     'x-served-by': 'cache-jfk1024-JFK',
27 silly registry.get     'x-cache': 'HIT',
27 silly registry.get     'x-cache-hits': '5',
27 silly registry.get     'x-timer': 'S1441500170.022161,VS0,VE0',
27 silly registry.get     vary: 'Accept' } ]
28 silly addNameRange number 2 { name: 'async', range: '*', hasData: true }
29 silly addNameRange versions [ 'async',
29 silly addNameRange   [ '0.1.0',
29 silly addNameRange     '0.1.1',
29 silly addNameRange     '0.1.2',
29 silly addNameRange     '0.1.3',
29 silly addNameRange     '0.1.4',
29 silly addNameRange     '0.1.5',
29 silly addNameRange     '0.1.6',
29 silly addNameRange     '0.1.7',
29 silly addNameRange     '0.1.8',
29 silly addNameRange     '0.1.9',
29 silly addNameRange     '0.1.10',
29 silly addNameRange     '0.1.11',
29 silly addNameRange     '0.1.12',
29 silly addNameRange     '0.1.13',
29 silly addNameRange     '0.1.14',
29 silly addNameRange     '0.1.15',
29 silly addNameRange     '0.1.16',
29 silly addNameRange     '0.1.17',
29 silly addNameRange     '0.1.18',
29 silly addNameRange     '0.1.19',
29 silly addNameRange     '0.1.20',
29 silly addNameRange     '0.1.21',
29 silly addNameRange     '0.1.22',
29 silly addNameRange     '0.2.0',
29 silly addNameRange     '0.2.1',
29 silly addNameRange     '0.2.2',
29 silly addNameRange     '0.2.3',
29 silly addNameRange     '0.2.4',
29 silly addNameRange     '0.2.5',
29 silly addNameRange     '0.2.6',
29 silly addNameRange     '0.2.7',
29 silly addNameRange     '0.2.8',
29 silly addNameRange     '0.2.9',
29 silly addNameRange     '0.2.10',
29 silly addNameRange     '0.3.0',
29 silly addNameRange     '0.4.0',
29 silly addNameRange     '0.4.1',
29 silly addNameRange     '0.5.0',
29 silly addNameRange     '0.6.0',
29 silly addNameRange     '0.6.1',
29 silly addNameRange     '0.6.2',
29 silly addNameRange     '0.7.0',
29 silly addNameRange     '0.8.0',
29 silly addNameRange     '0.9.0',
29 silly addNameRange     '0.9.2',
29 silly addNameRange     '1.0.0',
29 silly addNameRange     '1.1.0',
29 silly addNameRange     '1.2.0',
29 silly addNameRange     '1.1.1',
29 silly addNameRange     '1.2.1',
29 silly addNameRange     '1.3.0',
29 silly addNameRange     '1.4.0',
29 silly addNameRange     '1.4.1',
29 silly addNameRange     '1.4.2' ] ]
30 verbose addNamed [ 'async', '1.4.2' ]
31 verbose addNamed [ '1.4.2', '1.4.2' ]
32 silly lockFile e1acc90e-async-1-4-2 async@1.4.2
33 verbose lock async@1.4.2 /Users/crisscrosskao/.npm/e1acc90e-async-1-4-2.lock
34 silly lockFile 17bcc90f--npmjs-org-async-async-1-4-2-tgz https://registry.npmjs.org/async/-/async-1.4.2.tgz
35 verbose lock https://registry.npmjs.org/async/-/async-1.4.2.tgz /Users/crisscrosskao/.npm/17bcc90f--npmjs-org-async-async-1-4-2-tgz.lock
36 verbose addRemoteTarball [ 'https://registry.npmjs.org/async/-/async-1.4.2.tgz',
36 verbose addRemoteTarball   '6c9edcb11ced4f0dd2f2d40db0d49a109c088aab' ]
37 info retry fetch attempt 1 at 20:42:49
38 verbose fetch to= /var/folders/v1/2dz83fyx51xgkptmq3ng3vjc0000gn/T/npm-31078-0Vkae4e1/registry.npmjs.org/async/-/async-1.4.2.tgz
39 http GET https://registry.npmjs.org/async/-/async-1.4.2.tgz
40 http 200 https://registry.npmjs.org/async/-/async-1.4.2.tgz
41 silly lockFile 17bcc90f--npmjs-org-async-async-1-4-2-tgz https://registry.npmjs.org/async/-/async-1.4.2.tgz
42 silly lockFile 17bcc90f--npmjs-org-async-async-1-4-2-tgz https://registry.npmjs.org/async/-/async-1.4.2.tgz
43 silly lockFile e1acc90e-async-1-4-2 async@1.4.2
44 silly lockFile e1acc90e-async-1-4-2 async@1.4.2
45 silly lockFile f9113900-async async@
46 silly lockFile f9113900-async async@
47 error Error: EACCES, mkdir '/Users/crisscrosskao/.npm/async/1.4.2'
47 error  { [Error: EACCES, mkdir '/Users/crisscrosskao/.npm/async/1.4.2']
47 error   errno: 3,
47 error   code: 'EACCES',
47 error   path: '/Users/crisscrosskao/.npm/async/1.4.2' }
48 error Please try running this command again as root/Administrator.
49 error System Darwin 14.5.0
50 error command "node" "/usr/local/bin/npm" "install" "async"
51 error cwd /Users/crisscrosskao/Documents/GitHub/ScenicJogger
52 error node -v v0.10.35
53 error npm -v 1.4.28
54 error path /Users/crisscrosskao/.npm/async/1.4.2
55 error code EACCES
56 error errno 3
57 error stack Error: EACCES, mkdir '/Users/crisscrosskao/.npm/async/1.4.2'
58 verbose exit [ 3, true ]
